365296573418045441 Caliphate of Massey Nerds 421465234633523211 test_chamber_2 365292042672275456 (DSOI)UNUNOCTIUM:<@!367426178019229697> permute dick365296573418045441 Caliphate of Massey Nerds 421465234633523211 test_chamber_2 367426178019229697 scanner_v0.1.6:Command does not exist!365296573418045441 Caliphate of Massey Nerds 421465234633523211 test_chamber_2 365292042672275456 (DSOI)UNUNOCTIUM:<@!367426178019229697> get_all_permutations dick365296573418045441 Caliphate of Massey Nerds 421465234633523211 test_chamber_2 367426178019229697 scanner_v0.1.6:cdik
cdki
cidk
cikd
ckdi
ckid
dcik
dcki
dick
dikc
dkci
dkic
icdk
ickd
idck
idkc
ikcd
ikdc
kcdi
kcid
kdci
kdic
kicd
kidc